0 info it worked if it ends with ok
1 verbose cli [ 'C:\\Program Files (x86)\\Microsoft Visual Studio 14.0\\Common7\\IDE\\Extensions\\Microsoft\\Web Tools\\External\\\\node\\node',
1 verbose cli   'C:\\Program Files (x86)\\Microsoft Visual Studio 14.0\\Common7\\IDE\\Extensions\\Microsoft\\Web Tools\\External\\npm\\node_modules\\npm\\bin\\npm-cli.js',
1 verbose cli   'install' ]
2 info using npm@1.4.9
3 info using node@v0.10.31
4 verbose node symlink C:\Program Files (x86)\Microsoft Visual Studio 14.0\Common7\IDE\Extensions\Microsoft\Web Tools\External\\node\node
5 warn package.json nodebot@1.0.0 No description
6 warn package.json nodebot@1.0.0 No repository field.
7 warn package.json nodebot@1.0.0 No README data
8 verbose readDependencies using package.json deps
9 verbose install where, deps [ 'C:\\Users\\lucas\\Documents\\GitHub\\Telepresence',
9 verbose install   [ 'node',
9 verbose install     'npm',
9 verbose install     'node-gyp',
9 verbose install     'node-pre-gyp',
9 verbose install     'express',
9 verbose install     'johnny-five',
9 verbose install     'socket.io' ] ]
10 info preinstall nodebot@1.0.0
11 verbose unsafe-perm in lifecycle true
12 info nodebot@1.0.0 Failed to exec preinstall script
13 error nodebot@1.0.0 preinstall: `npm install`
13 error Exit status 1
14 error Failed at the nodebot@1.0.0 preinstall script.
14 error This is most likely a problem with the nodebot package,
14 error not with npm itself.
14 error Tell the author that this fails on your system:
14 error     npm install
14 error You can get their info via:
14 error     npm owner ls nodebot
14 error There is likely additional logging output above.
15 error System Windows_NT 6.2.9200
16 error command "C:\\Program Files (x86)\\Microsoft Visual Studio 14.0\\Common7\\IDE\\Extensions\\Microsoft\\Web Tools\\External\\\\node\\node" "C:\\Program Files (x86)\\Microsoft Visual Studio 14.0\\Common7\\IDE\\Extensions\\Microsoft\\Web Tools\\External\\npm\\node_modules\\npm\\bin\\npm-cli.js" "install"
17 error cwd C:\Users\lucas\Documents\GitHub\Telepresence
18 error node -v v0.10.31
19 error npm -v 1.4.9
20 error code ELIFECYCLE
21 verbose exit [ 1, true ]
